SF:/home/anita/Desktop/kanban-board/kanban-mastery-v3-build-deploy-with-net-8-1768253560/KanbanApi/Dtos/CreateColumnRequestDto.cs
FN:8,System.String CreateColumnRequestDto::get_Name()
FNDA:38,System.String CreateColumnRequestDto::get_Name()
DA:9,38
FN:11,System.Int32 CreateColumnRequestDto::get_Position()
FNDA:37,System.Int32 CreateColumnRequestDto::get_Position()
DA:12,37
FN:20,System.String UpdateColumnNameRequestDto::get_Name()
FNDA:19,System.String UpdateColumnNameRequestDto::get_Name()
DA:21,19
LF:3
LH:3
BRF:0
BRH:0
FNF:3
FNH:3
end_of_record
SF:/home/anita/Desktop/kanban-board/kanban-mastery-v3-build-deploy-with-net-8-1768253560/KanbanApi/Program.cs
FN:8,System.Void Program::<Main>$(System.String[])
FNDA:94,System.Void Program::<Main>$(System.String[])
DA:9,94
DA:12,94
DA:13,94
DA:16,94
DA:17,89
DA:18,89
DA:19,89
DA:20,94
DA:23,94
DA:24,94
DA:25,94
DA:27,94
DA:28,94
DA:29,94
DA:30,188
DA:31,94
DA:32,188
DA:33,188
DA:35,94
DA:36,94
DA:37,94
DA:38,94
DA:39,94
DA:41,94
DA:42,94
DA:44,188
DA:45,188
DA:46,94
DA:47,94
DA:48,94
DA:49,188
DA:50,188
DA:52,94
DA:54,94
DA:55,94
DA:56,94
DA:57,94
DA:58,94
DA:60,94
DA:61,94
DA:62,94
DA:63,94
DA:64,94
DA:65,94
DA:66,94
DA:67,94
DA:68,94
DA:69,94
DA:71,94
DA:72,94
DA:73,94
DA:74,94
DA:75,94
DA:76,94
DA:77,94
DA:78,94
DA:80,94
DA:82,94
BRDA:54,394,0,94
BRDA:54,394,1,94
LF:58
LH:58
BRF:2
BRH:2
FNF:1
FNH:1
end_of_record
SF:/home/anita/Desktop/kanban-board/kanban-mastery-v3-build-deploy-with-net-8-1768253560/KanbanApi/Models/ApplicationUser.cs
FN:5,System.Collections.Generic.ICollection`1<KanbanApi.Models.BoardMember> KanbanApi.Models.ApplicationUser::get_BoardMemberships()
FNDA:581,System.Collections.Generic.ICollection`1<KanbanApi.Models.BoardMember> KanbanApi.Models.ApplicationUser::get_BoardMemberships()
DA:6,581
FN:6,System.Collections.Generic.ICollection`1<KanbanApi.Models.Board> KanbanApi.Models.ApplicationUser::get_OwnedBoards()
FNDA:579,System.Collections.Generic.ICollection`1<KanbanApi.Models.Board> KanbanApi.Models.ApplicationUser::get_OwnedBoards()
DA:7,579
FN:8,System.String KanbanApi.Models.ApplicationUser::get_DisplayName()
FNDA:161,System.String KanbanApi.Models.ApplicationUser::get_DisplayName()
DA:9,161
FN:9,System.String KanbanApi.Models.ApplicationUser::get_ProfileImageUrl()
FNDA:153,System.String KanbanApi.Models.ApplicationUser::get_ProfileImageUrl()
DA:10,153
FN:12,System.Void KanbanApi.Models.ApplicationUser::.ctor()
FNDA:1347,System.Void KanbanApi.Models.ApplicationUser::.ctor()
DA:13,1347
FN:15,System.Void KanbanApi.Models.ApplicationUser::.ctor(System.String)
FNDA:16,System.Void KanbanApi.Models.ApplicationUser::.ctor(System.String)
DA:16,16
DA:17,8
DA:18,0
DA:20,8
DA:21,8
DA:22,8
DA:23,8
BRDA:17,38,0,0
BRDA:17,38,1,8
LF:12
LH:11
BRF:2
BRH:1
FNF:6
FNH:6
end_of_record
SF:/home/anita/Desktop/kanban-board/kanban-mastery-v3-build-deploy-with-net-8-1768253560/KanbanApi/Models/Board.cs
FN:4,System.Int32 KanbanApi.Models.Board::get_Id()
FNDA:240,System.Int32 KanbanApi.Models.Board::get_Id()
DA:5,240
FN:5,System.String KanbanApi.Models.Board::get_Name()
FNDA:410,System.String KanbanApi.Models.Board::get_Name()
DA:6,410
FN:6,System.String KanbanApi.Models.Board::get_OwnerId()
FNDA:503,System.String KanbanApi.Models.Board::get_OwnerId()
DA:7,503
FN:7,KanbanApi.Models.ApplicationUser KanbanApi.Models.Board::get_Owner()
FNDA:197,KanbanApi.Models.ApplicationUser KanbanApi.Models.Board::get_Owner()
DA:8,197
FN:9,System.Collections.Generic.ICollection`1<KanbanApi.Models.Column> KanbanApi.Models.Board::get_Columns()
FNDA:329,System.Collections.Generic.ICollection`1<KanbanApi.Models.Column> KanbanApi.Models.Board::get_Columns()
DA:10,329
FN:10,System.Collections.Generic.ICollection`1<KanbanApi.Models.BoardMember> KanbanApi.Models.Board::get_Members()
FNDA:665,System.Collections.Generic.ICollection`1<KanbanApi.Models.BoardMember> KanbanApi.Models.Board::get_Members()
DA:11,665
FN:38,System.Void KanbanApi.Models.Board::AddUser(KanbanApi.Models.BoardMember)
FNDA:7,System.Void KanbanApi.Models.Board::AddUser(KanbanApi.Models.BoardMember)
DA:39,7
DA:40,7
DA:41,1
DA:43,10
DA:44,1
DA:45,5
DA:46,5
BRDA:40,25,0,1
BRDA:40,25,1,6
BRDA:43,63,0,1
BRDA:43,63,1,5
FN:13,System.Void KanbanApi.Models.Board::.ctor()
FNDA:285,System.Void KanbanApi.Models.Board::.ctor()
DA:14,285
FN:16,System.Void KanbanApi.Models.Board::.ctor(System.String,System.String)
FNDA:204,System.Void KanbanApi.Models.Board::.ctor(System.String,System.String)
DA:17,204
DA:18,102
DA:19,4
DA:21,98
DA:22,0
DA:25,98
DA:26,98
DA:29,98
DA:30,98
DA:31,98
DA:32,98
DA:33,98
DA:34,98
DA:35,98
DA:36,98
BRDA:18,67,0,4
BRDA:18,67,1,98
BRDA:21,93,0,0
BRDA:21,93,1,98
LF:29
LH:28
BRF:8
BRH:7
FNF:9
FNH:9
end_of_record
SF:/home/anita/Desktop/kanban-board/kanban-mastery-v3-build-deploy-with-net-8-1768253560/KanbanApi/Models/BoardMember.cs
FN:4,System.Int32 KanbanApi.Models.BoardMember::get_BoardId()
FNDA:346,System.Int32 KanbanApi.Models.BoardMember::get_BoardId()
DA:5,346
FN:5,System.String KanbanApi.Models.BoardMember::get_UserId()
FNDA:836,System.String KanbanApi.Models.BoardMember::get_UserId()
DA:6,836
FN:6,System.String KanbanApi.Models.BoardMember::get_Role()
FNDA:485,System.String KanbanApi.Models.BoardMember::get_Role()
DA:7,485
FN:8,KanbanApi.Models.Board KanbanApi.Models.BoardMember::get_Board()
FNDA:279,KanbanApi.Models.Board KanbanApi.Models.BoardMember::get_Board()
DA:9,279
FN:9,KanbanApi.Models.ApplicationUser KanbanApi.Models.BoardMember::get_User()
FNDA:559,KanbanApi.Models.ApplicationUser KanbanApi.Models.BoardMember::get_User()
DA:10,559
FN:12,System.Void KanbanApi.Models.BoardMember::.ctor()
FNDA:414,System.Void KanbanApi.Models.BoardMember::.ctor()
DA:13,414
FN:15,System.Void KanbanApi.Models.BoardMember::.ctor(System.String,System.Int32,System.String)
FNDA:117,System.Void KanbanApi.Models.BoardMember::.ctor(System.String,System.Int32,System.String)
DA:16,117
DA:17,117
DA:18,117
DA:19,0
DA:21,117
DA:22,117
DA:23,117
DA:24,117
BRDA:18,52,0,0
BRDA:18,52,1,117
LF:14
LH:13
BRF:2
BRH:1
FNF:7
FNH:7
end_of_record
SF:/home/anita/Desktop/kanban-board/kanban-mastery-v3-build-deploy-with-net-8-1768253560/KanbanApi/Models/Card.cs
FN:4,System.Int32 KanbanApi.Models.Card::get_Id()
FNDA:53,System.Int32 KanbanApi.Models.Card::get_Id()
DA:5,53
FN:5,System.String KanbanApi.Models.Card::get_Title()
FNDA:145,System.String KanbanApi.Models.Card::get_Title()
DA:6,145
FN:6,System.String KanbanApi.Models.Card::get_Description()
FNDA:54,System.String KanbanApi.Models.Card::get_Description()
DA:7,54
FN:7,System.Int32 KanbanApi.Models.Card::get_ColumnId()
FNDA:50,System.Int32 KanbanApi.Models.Card::get_ColumnId()
DA:8,50
FN:8,KanbanApi.Models.Column KanbanApi.Models.Card::get_Column()
FNDA:106,KanbanApi.Models.Column KanbanApi.Models.Card::get_Column()
DA:9,106
FN:10,System.String KanbanApi.Models.Card::get_AssignedUserId()
FNDA:59,System.String KanbanApi.Models.Card::get_AssignedUserId()
DA:11,59
FN:13,System.Void KanbanApi.Models.Card::.ctor()
FNDA:111,System.Void KanbanApi.Models.Card::.ctor()
DA:14,111
FN:16,System.Void KanbanApi.Models.Card::.ctor(System.String,KanbanApi.Models.Column)
FNDA:33,System.Void KanbanApi.Models.Card::.ctor(System.String,KanbanApi.Models.Column)
DA:17,33
DA:18,33
DA:19,33
DA:20,0
DA:22,33
DA:23,0
DA:25,33
DA:26,33
DA:27,33
DA:28,33
BRDA:19,34,0,0
BRDA:19,34,1,33
BRDA:22,58,0,0
BRDA:22,58,1,33
LF:17
LH:15
BRF:4
BRH:2
FNF:8
FNH:8
end_of_record
SF:/home/anita/Desktop/kanban-board/kanban-mastery-v3-build-deploy-with-net-8-1768253560/KanbanApi/Models/Column.cs
FN:4,System.Int32 KanbanApi.Models.Column::get_Id()
FNDA:135,System.Int32 KanbanApi.Models.Column::get_Id()
DA:5,135
FN:5,System.String KanbanApi.Models.Column::get_Name()
FNDA:1079,System.String KanbanApi.Models.Column::get_Name()
DA:6,1079
FN:6,System.Int32 KanbanApi.Models.Column::get_Position()
FNDA:602,System.Int32 KanbanApi.Models.Column::get_Position()
DA:7,602
FN:8,System.Int32 KanbanApi.Models.Column::get_BoardId()
FNDA:0,System.Int32 KanbanApi.Models.Column::get_BoardId()
DA:9,0
FN:9,KanbanApi.Models.Board KanbanApi.Models.Column::get_Board()
FNDA:954,KanbanApi.Models.Board KanbanApi.Models.Column::get_Board()
DA:10,954
FN:11,System.Collections.Generic.ICollection`1<KanbanApi.Models.Card> KanbanApi.Models.Column::get_Cards()
FNDA:658,System.Collections.Generic.ICollection`1<KanbanApi.Models.Card> KanbanApi.Models.Column::get_Cards()
DA:12,658
FN:34,System.Void KanbanApi.Models.Column::Rename(System.String)
FNDA:6,System.Void KanbanApi.Models.Column::Rename(System.String)
DA:35,6
DA:36,6
DA:37,1
DA:39,5
DA:40,5
BRDA:36,9,0,1
BRDA:36,9,1,5
FN:42,System.Void KanbanApi.Models.Column::Reposition(System.Int32)
FNDA:2,System.Void KanbanApi.Models.Column::Reposition(System.Int32)
DA:43,2
DA:44,2
DA:45,1
DA:47,1
DA:48,1
BRDA:44,7,0,1
BRDA:44,7,1,1
FN:50,KanbanApi.Models.Card KanbanApi.Models.Column::AddCard(System.String)
FNDA:23,KanbanApi.Models.Card KanbanApi.Models.Column::AddCard(System.String)
DA:51,23
DA:52,23
DA:53,3
DA:55,20
DA:57,20
DA:58,20
DA:59,20
DA:60,20
BRDA:52,9,0,3
BRDA:52,9,1,20
FN:14,System.Void KanbanApi.Models.Column::.ctor()
FNDA:420,System.Void KanbanApi.Models.Column::.ctor()
DA:15,420
FN:17,System.Void KanbanApi.Models.Column::.ctor(System.String,System.Int32,KanbanApi.Models.Board)
FNDA:409,System.Void KanbanApi.Models.Column::.ctor(System.String,System.Int32,KanbanApi.Models.Board)
DA:18,409
DA:19,409
DA:20,409
DA:21,3
DA:23,406
DA:24,1
DA:26,405
DA:27,1
DA:29,404
DA:30,404
DA:31,404
DA:32,404
BRDA:20,45,0,3
BRDA:20,45,1,406
BRDA:23,69,0,1
BRDA:23,69,1,405
BRDA:26,93,0,1
BRDA:26,93,1,404
LF:37
LH:36
BRF:12
BRH:12
FNF:11
FNH:10
end_of_record
SF:/home/anita/Desktop/kanban-board/kanban-mastery-v3-build-deploy-with-net-8-1768253560/KanbanApi/Filters/ValidationFilter.cs
FN:12,Microsoft.AspNetCore.Builder.RouteHandlerBuilder KanbanApi.Filters.ValidationFilterExtensions::WithValidation(Microsoft.AspNetCore.Builder.RouteHandlerBuilder)
FNDA:658,Microsoft.AspNetCore.Builder.RouteHandlerBuilder KanbanApi.Filters.ValidationFilterExtensions::WithValidation(Microsoft.AspNetCore.Builder.RouteHandlerBuilder)
DA:13,658
FN:35,System.Collections.Generic.IEnumerable`1<<>f__AnonymousType3`2<System.String,System.String>> KanbanApi.Filters.ValidationEndpointFilter`1/<>c::<InvokeAsync>b__0_0(System.ComponentModel.DataAnnotations.ValidationResult)
FNDA:7,System.Collections.Generic.IEnumerable`1<<>f__AnonymousType3`2<System.String,System.String>> KanbanApi.Filters.ValidationEndpointFilter`1/<>c::<InvokeAsync>b__0_0(System.ComponentModel.DataAnnotations.ValidationResult)
DA:36,7
DA:37,14
BRDA:36,29,0,0
BRDA:36,29,1,7
BRDA:37,13,0,0
BRDA:37,13,1,7
FN:37,System.String KanbanApi.Filters.ValidationEndpointFilter`1/<>c::<InvokeAsync>b__0_1(<>f__AnonymousType3`2<System.String,System.String>)
FNDA:7,System.String KanbanApi.Filters.ValidationEndpointFilter`1/<>c::<InvokeAsync>b__0_1(<>f__AnonymousType3`2<System.String,System.String>)
DA:38,7
FN:39,System.String KanbanApi.Filters.ValidationEndpointFilter`1/<>c::<InvokeAsync>b__0_2(System.Linq.IGrouping`2<System.String,<>f__AnonymousType3`2<System.String,System.String>>)
FNDA:7,System.String KanbanApi.Filters.ValidationEndpointFilter`1/<>c::<InvokeAsync>b__0_2(System.Linq.IGrouping`2<System.String,<>f__AnonymousType3`2<System.String,System.String>>)
DA:40,7
FN:40,System.String[] KanbanApi.Filters.ValidationEndpointFilter`1/<>c::<InvokeAsync>b__0_3(System.Linq.IGrouping`2<System.String,<>f__AnonymousType3`2<System.String,System.String>>)
FNDA:14,System.String[] KanbanApi.Filters.ValidationEndpointFilter`1/<>c::<InvokeAsync>b__0_3(System.Linq.IGrouping`2<System.String,<>f__AnonymousType3`2<System.String,System.String>>)
DA:41,14
BRDA:41,7,0,6
BRDA:41,7,1,7
FN:20,System.Void KanbanApi.Filters.ValidationEndpointFilter`1/<InvokeAsync>d__0::MoveNext()
FNDA:91,System.Void KanbanApi.Filters.ValidationEndpointFilter`1/<InvokeAsync>d__0::MoveNext()
DA:21,91
DA:22,91
DA:24,91
DA:25,91
DA:26,91
DA:27,91
DA:28,91
DA:29,91
DA:30,91
DA:31,91
DA:33,91
DA:34,6
DA:35,6
DA:39,6
DA:42,6
DA:44,6
DA:46,85
DA:48,85
DA:49,91
BRDA:24,61,0,91
BRDA:33,134,0,6
BRDA:35,153,0,6
BRDA:35,153,1,6
BRDA:35,189,0,6
BRDA:35,189,1,6
BRDA:35,225,0,6
BRDA:35,225,1,6
BRDA:35,256,0,6
BRDA:35,256,1,6
BRDA:33,134,1,85
BRDA:24,61,1,85
LF:25
LH:25
BRF:18
BRH:16
FNF:6
FNH:6
end_of_record
SF:/home/anita/Desktop/kanban-board/kanban-mastery-v3-build-deploy-with-net-8-1768253560/KanbanApi/Features/Boards/IsBoardMember.cs
FN:14,System.Void KanbanApi.Services.IsBoardMemberHandler::.ctor(KanbanApi.Data.ApplicationDbContext,Microsoft.AspNetCore.Http.IHttpContextAccessor)
FNDA:301,System.Void KanbanApi.Services.IsBoardMemberHandler::.ctor(KanbanApi.Data.ApplicationDbContext,Microsoft.AspNetCore.Http.IHttpContextAccessor)
DA:15,301
DA:16,301
DA:17,301
DA:18,301
DA:19,301
FN:23,System.Void KanbanApi.Services.IsBoardMemberHandler/<HandleRequirementAsync>d__3::MoveNext()
FNDA:86,System.Void KanbanApi.Services.IsBoardMemberHandler/<HandleRequirementAsync>d__3::MoveNext()
DA:24,86
DA:25,86
DA:26,86
DA:28,86
DA:29,86
DA:30,0
DA:32,86
DA:33,89
DA:35,83
DA:36,83
DA:37,305
DA:39,9
DA:40,9
DA:41,9
DA:42,0
DA:43,86
BRDA:26,73,0,0
BRDA:26,73,1,86
BRDA:28,112,0,86
BRDA:28,121,0,0
BRDA:28,121,1,86
BRDA:28,112,1,0
BRDA:28,156,0,0
BRDA:28,156,1,86
BRDA:33,213,0,3
BRDA:33,213,1,83
BRDA:37,541,0,74
BRDA:37,541,1,9
BRDA:41,888,0,0
BRDA:41,888,1,9
LF:21
LH:19
BRF:14
BRH:9
FNF:2
FNH:2
end_of_record
SF:/home/anita/Desktop/kanban-board/kanban-mastery-v3-build-deploy-with-net-8-1768253560/KanbanApi/Features/Boards/IsBoardOwner.cs
FN:16,System.Void KanbanApi.Services.IsBoardOwnerHandler::.ctor(KanbanApi.Data.ApplicationDbContext,Microsoft.AspNetCore.Http.IHttpContextAccessor)
FNDA:301,System.Void KanbanApi.Services.IsBoardOwnerHandler::.ctor(KanbanApi.Data.ApplicationDbContext,Microsoft.AspNetCore.Http.IHttpContextAccessor)
DA:17,301
DA:18,301
DA:19,301
DA:20,301
DA:21,301
FN:25,System.Void KanbanApi.Services.IsBoardOwnerHandler/<HandleRequirementAsync>d__3::MoveNext()
FNDA:45,System.Void KanbanApi.Services.IsBoardOwnerHandler/<HandleRequirementAsync>d__3::MoveNext()
DA:26,45
DA:27,45
DA:28,45
DA:31,45
DA:32,45
DA:33,0
DA:35,45
DA:36,48
DA:38,42
DA:39,42
DA:40,141
DA:42,9
DA:43,9
DA:44,9
DA:45,45
BRDA:28,73,0,0
BRDA:28,73,1,45
BRDA:31,112,0,45
BRDA:31,121,0,0
BRDA:31,121,1,45
BRDA:31,112,1,0
BRDA:31,156,0,0
BRDA:31,156,1,45
BRDA:36,213,0,3
BRDA:36,213,1,42
BRDA:40,593,0,33
BRDA:40,593,1,9
BRDA:44,940,0,0
BRDA:44,940,1,9
LF:20
LH:19
BRF:14
BRH:9
FNF:2
FNH:2
end_of_record
SF:/home/anita/Desktop/kanban-board/kanban-mastery-v3-build-deploy-with-net-8-1768253560/KanbanApi/Services/AddMemberResult.cs
FN:6,KanbanApi.Dtos.BoardMemberDto KanbanApi.Services.AddMemberResult/Created::get_Dto()
FNDA:75,KanbanApi.Dtos.BoardMemberDto KanbanApi.Services.AddMemberResult/Created::get_Dto()
DA:7,75
LF:1
LH:1
BRF:0
BRH:0
FNF:1
FNH:1
end_of_record
SF:/home/anita/Desktop/kanban-board/kanban-mastery-v3-build-deploy-with-net-8-1768253560/KanbanApi/Services/BoardMemberService.cs
FN:8,System.Void KanbanApi.Services.BoardMembersService::.ctor(KanbanApi.Data.ApplicationDbContext)
FNDA:28,System.Void KanbanApi.Services.BoardMembersService::.ctor(KanbanApi.Data.ApplicationDbContext)
DA:9,28
FN:35,System.Boolean KanbanApi.Services.BoardMembersService/<>c__DisplayClass2_0::<AddMemberAsync>b__0(KanbanApi.Models.BoardMember)
FNDA:71,System.Boolean KanbanApi.Services.BoardMembersService/<>c__DisplayClass2_0::<AddMemberAsync>b__0(KanbanApi.Models.BoardMember)
DA:36,71
FN:11,System.Void KanbanApi.Services.BoardMembersService/<AddMemberAsync>d__2::MoveNext()
FNDA:28,System.Void KanbanApi.Services.BoardMembersService/<AddMemberAsync>d__2::MoveNext()
DA:12,28
DA:13,28
DA:14,28
DA:15,28
DA:17,28
DA:18,0
DA:20,28
DA:21,0
DA:23,28
DA:24,28
DA:26,28
DA:27,28
DA:28,28
DA:29,28
DA:30,28
DA:31,28
DA:33,28
DA:34,0
DA:37,28
DA:38,3
DA:40,25
DA:41,25
DA:42,25
DA:44,25
DA:45,25
DA:46,25
DA:47,25
DA:48,25
DA:49,25
DA:50,28
BRDA:17,390,0,0
BRDA:17,390,1,28
BRDA:20,429,0,0
BRDA:20,429,1,28
BRDA:33,1054,0,0
BRDA:33,1054,1,28
BRDA:37,1116,0,3
BRDA:37,1116,1,25
LF:32
LH:29
BRF:8
BRH:5
FNF:3
FNH:3
end_of_record
SF:/home/anita/Desktop/kanban-board/kanban-mastery-v3-build-deploy-with-net-8-1768253560/KanbanApi/Services/BoardResult.cs
FN:7,KanbanApi.Dtos.BoardIdResultDto KanbanApi.Services.BoardResult/Found::get_Dto()
FNDA:42,KanbanApi.Dtos.BoardIdResultDto KanbanApi.Services.BoardResult/Found::get_Dto()
DA:8,42
FN:8,System.String KanbanApi.Services.BoardResult/NotFound::get_Message()
FNDA:2,System.String KanbanApi.Services.BoardResult/NotFound::get_Message()
DA:9,2
FN:10,KanbanApi.Dtos.BoardIdResultDto KanbanApi.Services.BoardResult/Updated::get_Dto()
FNDA:2,KanbanApi.Dtos.BoardIdResultDto KanbanApi.Services.BoardResult/Updated::get_Dto()
DA:11,2
LF:3
LH:3
BRF:0
BRH:0
FNF:3
FNH:3
end_of_record
SF:/home/anita/Desktop/kanban-board/kanban-mastery-v3-build-deploy-with-net-8-1768253560/KanbanApi/Services/BoardService.cs
FN:15,System.Void KanbanApi.Services.BoardService::.ctor(KanbanApi.Data.ApplicationDbContext)
FNDA:111,System.Void KanbanApi.Services.BoardService::.ctor(KanbanApi.Data.ApplicationDbContext)
DA:16,111
DA:17,111
DA:18,111
DA:19,111
FN:44,System.String KanbanApi.Services.BoardService/<>c::<CreateBoardAsync>b__2_0(KanbanApi.Models.BoardMember)
FNDA:132,System.String KanbanApi.Services.BoardService/<>c::<CreateBoardAsync>b__2_0(KanbanApi.Models.BoardMember)
DA:45,132
FN:45,KanbanApi.Models.BoardMember KanbanApi.Services.BoardService/<>c::<CreateBoardAsync>b__2_1(System.Linq.IGrouping`2<System.String,KanbanApi.Models.BoardMember>)
FNDA:66,KanbanApi.Models.BoardMember KanbanApi.Services.BoardService/<>c::<CreateBoardAsync>b__2_1(System.Linq.IGrouping`2<System.String,KanbanApi.Models.BoardMember>)
DA:46,66
FN:58,System.String KanbanApi.Services.BoardService/<>c::<CreateBoardAsync>b__2_3(KanbanApi.Models.BoardMember)
FNDA:66,System.String KanbanApi.Services.BoardService/<>c::<CreateBoardAsync>b__2_3(KanbanApi.Models.BoardMember)
DA:59,66
FN:81,System.String KanbanApi.Services.BoardService/<>c::<GetBoardAsync>b__3_2(KanbanApi.Models.BoardMember)
FNDA:30,System.String KanbanApi.Services.BoardService/<>c::<GetBoardAsync>b__3_2(KanbanApi.Models.BoardMember)
DA:82,30
FN:82,System.Boolean KanbanApi.Services.BoardService/<>c::<GetBoardAsync>b__3_3(System.String)
FNDA:30,System.Boolean KanbanApi.Services.BoardService/<>c::<GetBoardAsync>b__3_3(System.String)
DA:83,30
FN:105,System.Boolean KanbanApi.Services.BoardService/<>c::<GetBoardAsync>b__3_6(<>f__AnonymousType17`2<KanbanApi.Models.BoardMember,KanbanApi.Models.ApplicationUser>)
FNDA:30,System.Boolean KanbanApi.Services.BoardService/<>c::<GetBoardAsync>b__3_6(<>f__AnonymousType17`2<KanbanApi.Models.BoardMember,KanbanApi.Models.ApplicationUser>)
DA:106,30
FN:107,System.String KanbanApi.Services.BoardService/<>c::<GetBoardAsync>b__3_7(<>f__AnonymousType17`2<KanbanApi.Models.BoardMember,KanbanApi.Models.ApplicationUser>)
FNDA:30,System.String KanbanApi.Services.BoardService/<>c::<GetBoardAsync>b__3_7(<>f__AnonymousType17`2<KanbanApi.Models.BoardMember,KanbanApi.Models.ApplicationUser>)
DA:108,30
FN:108,KanbanApi.Models.ApplicationUser KanbanApi.Services.BoardService/<>c::<GetBoardAsync>b__3_8(<>f__AnonymousType17`2<KanbanApi.Models.BoardMember,KanbanApi.Models.ApplicationUser>)
FNDA:51,KanbanApi.Models.ApplicationUser KanbanApi.Services.BoardService/<>c::<GetBoardAsync>b__3_8(<>f__AnonymousType17`2<KanbanApi.Models.BoardMember,KanbanApi.Models.ApplicationUser>)
DA:109,51
FN:125,System.Int32 KanbanApi.Services.BoardService/<>c::<GetBoardAsync>b__3_17(KanbanApi.Models.Column)
FNDA:168,System.Int32 KanbanApi.Services.BoardService/<>c::<GetBoardAsync>b__3_17(KanbanApi.Models.Column)
DA:126,168
BRDA:126,58,0,21
BRDA:126,58,1,84
FN:207,KanbanApi.Dtos.BoardMemberResultDto KanbanApi.Services.BoardService/<>c::<UpdateBoardAsync>b__9_2(KanbanApi.Models.BoardMember)
FNDA:1,KanbanApi.Dtos.BoardMemberResultDto KanbanApi.Services.BoardService/<>c::<UpdateBoardAsync>b__9_2(KanbanApi.Models.BoardMember)
DA:208,1
DA:209,1
DA:210,1
DA:211,1
DA:212,1
DA:213,1
DA:214,1
DA:215,1
DA:216,1
BRDA:208,39,0,1
BRDA:208,39,1,0
BRDA:208,64,0,1
BRDA:208,64,1,0
BRDA:208,89,0,1
BRDA:208,89,1,0
BRDA:208,114,0,1
BRDA:208,114,1,0
FN:21,System.Void KanbanApi.Services.BoardService/<CreateBoardAsync>d__2::MoveNext()
FNDA:67,System.Void KanbanApi.Services.BoardService/<CreateBoardAsync>d__2::MoveNext()
DA:22,67
DA:23,67
DA:24,1
DA:26,66
DA:27,66
DA:28,66
DA:31,66
DA:32,66
DA:34,66
DA:35,66
DA:36,66
DA:37,66
DA:39,66
DA:40,66
DA:41,66
DA:44,66
DA:47,66
DA:49,66
DA:50,330
DA:51,66
DA:53,66
DA:54,66
DA:55,66
DA:56,66
DA:57,66
DA:58,66
DA:60,66
DA:61,66
BRDA:23,84,0,1
BRDA:23,84,1,66
BRDA:34,629,0,66
BRDA:34,629,1,66
BRDA:50,1066,1,66
BRDA:50,1066,0,66
FN:221,System.Void KanbanApi.Services.BoardService/<DeleteBoardAsync>d__10::MoveNext()
FNDA:3,System.Void KanbanApi.Services.BoardService/<DeleteBoardAsync>d__10::MoveNext()
DA:222,3
DA:223,3
DA:224,3
DA:225,3
DA:226,3
DA:228,3
DA:229,0
DA:231,3
DA:232,0
DA:234,3
DA:235,3
DA:237,3
DA:238,3
BRDA:228,438,0,0
BRDA:228,438,1,3
BRDA:231,482,0,0
BRDA:231,482,1,3
FN:168,System.Void KanbanApi.Services.BoardService/<DeleteBoardAsync>d__7::MoveNext()
FNDA:2,System.Void KanbanApi.Services.BoardService/<DeleteBoardAsync>d__7::MoveNext()
DA:169,2
DA:170,2
DA:171,2
DA:172,1
DA:173,1
DA:174,1
DA:175,1
DA:176,2
BRDA:171,197,0,1
BRDA:171,197,1,2
FN:149,System.Void KanbanApi.Services.BoardService/<GetAllBoardsAsync>d__4::MoveNext()
FNDA:1,System.Void KanbanApi.Services.BoardService/<GetAllBoardsAsync>d__4::MoveNext()
DA:150,1
DA:151,1
DA:152,1
DA:153,1
DA:154,1
FN:63,System.Void KanbanApi.Services.BoardService/<GetBoardAsync>d__3::MoveNext()
FNDA:22,System.Void KanbanApi.Services.BoardService/<GetBoardAsync>d__3::MoveNext()
DA:64,22
DA:65,22
DA:66,22
DA:67,22
DA:68,22
DA:69,22
DA:70,22
DA:72,22
DA:73,1
DA:76,21
DA:77,0
DA:81,21
DA:84,21
DA:85,21
DA:87,21
DA:88,21
DA:89,21
DA:90,21
DA:91,21
DA:104,21
DA:107,21
DA:111,21
DA:112,21
DA:113,21
DA:114,21
DA:115,21
DA:116,21
DA:146,21
DA:147,22
BRDA:72,589,0,1
BRDA:72,589,1,21
BRDA:75,635,0,1
BRDA:75,635,1,20
BRDA:76,691,0,0
BRDA:76,691,1,21
BRDA:111,1679,0,1
BRDA:111,1688,0,0
BRDA:111,1688,1,1
BRDA:111,1700,0,0
BRDA:111,1679,1,20
BRDA:111,1700,1,21
FN:156,System.Void KanbanApi.Services.BoardService/<GetBoardByIdAsync>d__5::MoveNext()
FNDA:2,System.Void KanbanApi.Services.BoardService/<GetBoardByIdAsync>d__5::MoveNext()
DA:157,2
DA:158,2
DA:159,2
DA:160,2
FN:178,System.Void KanbanApi.Services.BoardService/<GetBoardsByUserIdAsync>d__8::MoveNext()
FNDA:1,System.Void KanbanApi.Services.BoardService/<GetBoardsByUserIdAsync>d__8::MoveNext()
DA:179,1
DA:180,1
DA:181,1
DA:182,1
DA:183,1
DA:184,1
FN:162,System.Void KanbanApi.Services.BoardService/<UpdateBoardAsync>d__6::MoveNext()
FNDA:1,System.Void KanbanApi.Services.BoardService/<UpdateBoardAsync>d__6::MoveNext()
DA:163,1
DA:164,1
DA:165,1
DA:166,1
FN:187,System.Void KanbanApi.Services.BoardService/<UpdateBoardAsync>d__9::MoveNext()
FNDA:1,System.Void KanbanApi.Services.BoardService/<UpdateBoardAsync>d__9::MoveNext()
DA:188,1
DA:189,1
DA:190,1
DA:191,1
DA:193,1
DA:194,0
DA:196,1
DA:197,0
DA:199,1
DA:200,1
DA:202,1
DA:203,1
DA:204,1
DA:205,1
DA:206,1
DA:207,1
DA:217,1
DA:218,1
DA:219,1
BRDA:193,376,0,0
BRDA:193,376,1,1
BRDA:196,420,0,0
BRDA:196,420,1,1
LF:138
LH:133
BRF:38
BRH:27
FNF:20
FNH:20
end_of_record
SF:/home/anita/Desktop/kanban-board/kanban-mastery-v3-build-deploy-with-net-8-1768253560/KanbanApi/Services/CardResult.cs
FN:16,KanbanApi.Services.CardResultType KanbanApi.Services.CardResult::get_ResultType()
FNDA:68,KanbanApi.Services.CardResultType KanbanApi.Services.CardResult::get_ResultType()
DA:17,68
FN:17,KanbanApi.Dtos.CardResponseDto KanbanApi.Services.CardResult::get_Dto()
FNDA:47,KanbanApi.Dtos.CardResponseDto KanbanApi.Services.CardResult::get_Dto()
DA:18,47
FN:18,KanbanApi.Dtos.AssignCardResponseDto KanbanApi.Services.CardResult::get_AssignDto()
FNDA:15,KanbanApi.Dtos.AssignCardResponseDto KanbanApi.Services.CardResult::get_AssignDto()
DA:19,15
FN:19,System.String KanbanApi.Services.CardResult::get_Message()
FNDA:16,System.String KanbanApi.Services.CardResult::get_Message()
DA:20,16
FN:21,KanbanApi.Services.CardResult KanbanApi.Services.CardResult::Success(KanbanApi.Dtos.CardResponseDto)
FNDA:17,KanbanApi.Services.CardResult KanbanApi.Services.CardResult::Success(KanbanApi.Dtos.CardResponseDto)
DA:22,17
FN:22,KanbanApi.Services.CardResult KanbanApi.Services.CardResult::Success(KanbanApi.Dtos.AssignCardResponseDto)
FNDA:7,KanbanApi.Services.CardResult KanbanApi.Services.CardResult::Success(KanbanApi.Dtos.AssignCardResponseDto)
DA:23,7
FN:23,KanbanApi.Services.CardResult KanbanApi.Services.CardResult::CardNotFound()
FNDA:4,KanbanApi.Services.CardResult KanbanApi.Services.CardResult::CardNotFound()
DA:24,4
FN:24,KanbanApi.Services.CardResult KanbanApi.Services.CardResult::ColumnNotFound()
FNDA:2,KanbanApi.Services.CardResult KanbanApi.Services.CardResult::ColumnNotFound()
DA:25,2
FN:25,KanbanApi.Services.CardResult KanbanApi.Services.CardResult::Forbidden()
FNDA:1,KanbanApi.Services.CardResult KanbanApi.Services.CardResult::Forbidden()
DA:26,1
FN:26,KanbanApi.Services.CardResult KanbanApi.Services.CardResult::BadRequest(System.String)
FNDA:2,KanbanApi.Services.CardResult KanbanApi.Services.CardResult::BadRequest(System.String)
DA:27,2
BRDA:27,16,0,1
BRDA:27,16,1,2
FN:27,KanbanApi.Services.CardResult KanbanApi.Services.CardResult::UnknownError(System.String)
FNDA:1,KanbanApi.Services.CardResult KanbanApi.Services.CardResult::UnknownError(System.String)
DA:28,1
BRDA:28,16,0,1
BRDA:28,16,1,1
LF:11
LH:11
BRF:4
BRH:4
FNF:11
FNH:11
end_of_record
SF:/home/anita/Desktop/kanban-board/kanban-mastery-v3-build-deploy-with-net-8-1768253560/KanbanApi/Services/CardService.cs
FN:11,System.Void KanbanApi.Services.CardService::.ctor(KanbanApi.Data.ApplicationDbContext)
FNDA:30,System.Void KanbanApi.Services.CardService::.ctor(KanbanApi.Data.ApplicationDbContext)
DA:12,30
DA:13,30
DA:14,30
DA:15,30
FN:82,System.Void KanbanApi.Services.CardService/<AssignCardAsync>d__6::MoveNext()
FNDA:8,System.Void KanbanApi.Services.CardService/<AssignCardAsync>d__6::MoveNext()
DA:83,8
DA:85,8
DA:86,8
DA:87,1
DA:89,7
DA:90,7
DA:91,1
DA:93,6
DA:94,6
DA:96,6
DA:97,6
DA:98,6
DA:99,6
DA:100,6
DA:101,6
DA:102,8
BRDA:86,405,0,1
BRDA:86,405,1,7
BRDA:90,599,0,1
BRDA:90,599,1,6
FN:17,System.Void KanbanApi.Services.CardService/<CreateCardAsync>d__2::MoveNext()
FNDA:14,System.Void KanbanApi.Services.CardService/<CreateCardAsync>d__2::MoveNext()
DA:18,14
DA:19,14
DA:20,14
DA:21,1
DA:23,13
DA:24,13
DA:25,13
DA:26,13
DA:28,13
DA:29,13
DA:31,13
DA:32,13
DA:33,13
DA:34,13
DA:35,13
DA:36,13
DA:37,13
DA:39,13
DA:40,14
BRDA:20,418,0,1
BRDA:20,418,1,13
FN:65,System.Void KanbanApi.Services.CardService/<DeleteCardAsync>d__4::MoveNext()
FNDA:2,System.Void KanbanApi.Services.CardService/<DeleteCardAsync>d__4::MoveNext()
DA:66,2
DA:67,2
DA:68,2
DA:69,1
DA:71,1
DA:72,1
DA:74,1
DA:75,2
BRDA:68,198,0,1
BRDA:68,198,1,1
FN:77,System.Void KanbanApi.Services.CardService/<GetCardAsync>d__5::MoveNext()
FNDA:0,System.Void KanbanApi.Services.CardService/<GetCardAsync>d__5::MoveNext()
DA:78,0
DA:79,0
DA:80,0
FN:42,System.Void KanbanApi.Services.CardService/<UpdateCardAsync>d__3::MoveNext()
FNDA:3,System.Void KanbanApi.Services.CardService/<UpdateCardAsync>d__3::MoveNext()
DA:43,3
DA:44,3
DA:45,3
DA:46,1
DA:48,2
DA:49,2
DA:50,2
DA:52,2
DA:54,2
DA:55,2
DA:56,2
DA:57,2
DA:58,2
DA:59,2
DA:60,2
DA:62,2
DA:63,3
BRDA:45,198,0,1
BRDA:45,198,1,2
LF:67
LH:64
BRF:10
BRH:10
FNF:6
FNH:5
end_of_record
SF:/home/anita/Desktop/kanban-board/kanban-mastery-v3-build-deploy-with-net-8-1768253560/KanbanApi/Services/ColumnResult.cs
FN:6,KanbanApi.Dtos.ColumnApiResponseDto KanbanApi.Services.ColumnResult/Created::get_Dto()
FNDA:24,KanbanApi.Dtos.ColumnApiResponseDto KanbanApi.Services.ColumnResult/Created::get_Dto()
DA:7,24
FN:7,KanbanApi.Dtos.ColumnApiResponseDto KanbanApi.Services.ColumnResult/Updated::get_Dto()
FNDA:8,KanbanApi.Dtos.ColumnApiResponseDto KanbanApi.Services.ColumnResult/Updated::get_Dto()
DA:8,8
LF:2
LH:2
BRF:0
BRH:0
FNF:2
FNH:2
end_of_record
SF:/home/anita/Desktop/kanban-board/kanban-mastery-v3-build-deploy-with-net-8-1768253560/KanbanApi/Services/ColumnService.cs
FN:7,System.Void KanbanApi.Services.ColumnService::.ctor(KanbanApi.Data.ApplicationDbContext)
FNDA:22,System.Void KanbanApi.Services.ColumnService::.ctor(KanbanApi.Data.ApplicationDbContext)
DA:8,22
FN:18,System.Boolean KanbanApi.Services.ColumnService/<>c__DisplayClass2_0::<CreateColumnAsync>b__0(KanbanApi.Models.BoardMember)
FNDA:11,System.Boolean KanbanApi.Services.ColumnService/<>c__DisplayClass2_0::<CreateColumnAsync>b__0(KanbanApi.Models.BoardMember)
DA:19,11
FN:48,System.Boolean KanbanApi.Services.ColumnService/<>c__DisplayClass3_0::<UpdateColumnAsync>b__0(KanbanApi.Models.BoardMember)
FNDA:9,System.Boolean KanbanApi.Services.ColumnService/<>c__DisplayClass3_0::<UpdateColumnAsync>b__0(KanbanApi.Models.BoardMember)
DA:49,9
FN:77,System.Boolean KanbanApi.Services.ColumnService/<>c__DisplayClass4_0::<DeleteColumnAsync>b__0(KanbanApi.Models.BoardMember)
FNDA:11,System.Boolean KanbanApi.Services.ColumnService/<>c__DisplayClass4_0::<DeleteColumnAsync>b__0(KanbanApi.Models.BoardMember)
DA:78,11
FN:10,System.Void KanbanApi.Services.ColumnService/<CreateColumnAsync>d__2::MoveNext()
FNDA:9,System.Void KanbanApi.Services.ColumnService/<CreateColumnAsync>d__2::MoveNext()
DA:11,9
DA:12,9
DA:13,9
DA:14,9
DA:16,9
DA:17,0
DA:20,9
DA:21,0
DA:23,9
DA:24,9
DA:25,9
DA:26,1
DA:28,8
DA:29,8
DA:30,8
DA:32,8
DA:33,8
DA:34,8
DA:35,8
DA:36,8
DA:37,8
DA:38,9
BRDA:16,424,0,0
BRDA:16,424,1,9
BRDA:19,465,0,1
BRDA:19,465,1,8
BRDA:20,521,0,0
BRDA:20,521,1,9
BRDA:25,871,0,1
BRDA:25,871,1,8
FN:69,System.Void KanbanApi.Services.ColumnService/<DeleteColumnAsync>d__4::MoveNext()
FNDA:7,System.Void KanbanApi.Services.ColumnService/<DeleteColumnAsync>d__4::MoveNext()
DA:70,7
DA:71,7
DA:72,7
DA:73,7
DA:75,7
DA:76,0
DA:79,7
DA:80,0
DA:82,7
DA:83,7
DA:84,7
DA:85,1
DA:87,6
DA:88,6
DA:89,2
DA:91,4
DA:92,4
DA:94,4
DA:95,7
BRDA:75,433,0,0
BRDA:75,433,1,7
BRDA:78,474,0,2
BRDA:78,474,1,5
BRDA:79,530,0,0
BRDA:79,530,1,7
BRDA:84,870,0,1
BRDA:84,870,1,6
BRDA:88,1133,0,2
BRDA:88,1133,1,4
FN:40,System.Void KanbanApi.Services.ColumnService/<UpdateColumnAsync>d__3::MoveNext()
FNDA:5,System.Void KanbanApi.Services.ColumnService/<UpdateColumnAsync>d__3::MoveNext()
DA:41,5
DA:42,5
DA:43,5
DA:44,5
DA:46,5
DA:47,0
DA:50,5
DA:51,0
DA:53,5
DA:54,5
DA:55,5
DA:56,1
DA:58,4
DA:59,4
DA:61,4
DA:62,4
DA:63,4
DA:64,4
DA:65,4
DA:66,4
DA:67,5
BRDA:46,424,0,0
BRDA:46,424,1,5
BRDA:49,465,0,2
BRDA:49,465,1,3
BRDA:50,521,0,0
BRDA:50,521,1,5
BRDA:55,861,0,1
BRDA:55,861,1,4
LF:66
LH:60
BRF:26
BRH:20
FNF:7
FNH:7
end_of_record
SF:/home/anita/Desktop/kanban-board/kanban-mastery-v3-build-deploy-with-net-8-1768253560/KanbanApi/Services/UserProfileService.cs
FN:14,System.Void KanbanApi.Services.UserProfileService::.ctor(KanbanApi.Data.ApplicationDbContext)
FNDA:114,System.Void KanbanApi.Services.UserProfileService::.ctor(KanbanApi.Data.ApplicationDbContext)
DA:15,114
DA:16,114
DA:17,114
DA:18,114
FN:42,KanbanApi.Dtos.BoardDto KanbanApi.Services.UserProfileService/<>c::<GetUserProfileAsync>b__2_4(KanbanApi.Models.Board)
FNDA:8,KanbanApi.Dtos.BoardDto KanbanApi.Services.UserProfileService/<>c::<GetUserProfileAsync>b__2_4(KanbanApi.Models.Board)
DA:43,8
FN:44,KanbanApi.Dtos.BoardDto KanbanApi.Services.UserProfileService/<>c::<GetUserProfileAsync>b__2_5(KanbanApi.Models.BoardMember)
FNDA:12,KanbanApi.Dtos.BoardDto KanbanApi.Services.UserProfileService/<>c::<GetUserProfileAsync>b__2_5(KanbanApi.Models.BoardMember)
DA:45,12
FN:45,System.Int32 KanbanApi.Services.UserProfileService/<>c::<GetUserProfileAsync>b__2_6(KanbanApi.Dtos.BoardDto)
FNDA:20,System.Int32 KanbanApi.Services.UserProfileService/<>c::<GetUserProfileAsync>b__2_6(KanbanApi.Dtos.BoardDto)
DA:46,20
FN:20,System.Void KanbanApi.Services.UserProfileService/<GetUserProfileAsync>d__2::MoveNext()
FNDA:114,System.Void KanbanApi.Services.UserProfileService/<GetUserProfileAsync>d__2::MoveNext()
DA:21,114
DA:22,114
DA:23,0
DA:25,114
DA:26,114
DA:27,114
DA:28,114
DA:29,114
DA:30,114
DA:32,114
DA:33,0
DA:35,114
DA:36,114
DA:37,114
DA:38,114
DA:39,114
DA:40,114
DA:41,114
DA:42,114
DA:44,114
DA:47,114
DA:48,114
DA:49,114
DA:50,114
BRDA:22,64,0,0
BRDA:22,64,1,114
BRDA:32,547,0,0
BRDA:32,547,1,114
LF:31
LH:29
BRF:4
BRH:2
FNF:5
FNH:5
end_of_record
SF:/home/anita/Desktop/kanban-board/kanban-mastery-v3-build-deploy-with-net-8-1768253560/KanbanApi/Endpoints/BoardEndpoint.cs
FN:10,Microsoft.AspNetCore.Routing.IEndpointRouteBuilder KanbanApi.Endpoints.BoardEndpoint::MapBoardEndpoints(Microsoft.AspNetCore.Routing.IEndpointRouteBuilder)
FNDA:94,Microsoft.AspNetCore.Routing.IEndpointRouteBuilder KanbanApi.Endpoints.BoardEndpoint::MapBoardEndpoints(Microsoft.AspNetCore.Routing.IEndpointRouteBuilder)
DA:11,94
DA:12,94
DA:14,94
DA:15,94
DA:16,94
DA:17,94
DA:18,45
DA:19,45
DA:20,45
DA:21,0
DA:22,94
DA:23,45
DA:24,94
DA:25,45
DA:26,45
DA:27,94
DA:29,94
DA:30,94
LF:18
LH:17
BRF:2
BRH:1
FNF:1
FNH:1
end_of_record
SF:/home/anita/Desktop/kanban-board/kanban-mastery-v3-build-deploy-with-net-8-1768253560/KanbanApi/Endpoints/BoardIdEnpoint.cs
FN:10,Microsoft.AspNetCore.Routing.IEndpointRouteBuilder KanbanApi.Endpoints.BoardIdEndpoint::MapBoardIdEndpoints(Microsoft.AspNetCore.Routing.IEndpointRouteBuilder)
FNDA:94,Microsoft.AspNetCore.Routing.IEndpointRouteBuilder KanbanApi.Endpoints.BoardIdEndpoint::MapBoardIdEndpoints(Microsoft.AspNetCore.Routing.IEndpointRouteBuilder)
DA:11,94
DA:12,94
DA:14,94
DA:15,94
DA:16,94
DA:17,94
DA:18,22
DA:19,22
DA:20,22
DA:21,0
DA:22,94
DA:23,22
DA:24,22
DA:25,21
DA:26,1
DA:27,0
DA:28,0
DA:29,22
DA:30,22
DA:31,94
DA:34,94
DA:35,94
DA:36,94
DA:37,94
DA:38,94
DA:39,1
DA:40,1
DA:41,1
DA:42,0
DA:43,94
DA:44,1
DA:45,1
DA:46,1
DA:47,0
DA:48,0
DA:49,0
DA:50,1
DA:51,1
DA:52,94
DA:53,94
DA:55,94
DA:56,94
DA:57,94
DA:58,94
DA:59,3
DA:60,3
DA:61,3
DA:62,0
DA:63,94
DA:64,3
DA:65,3
DA:66,3
DA:67,0
DA:68,0
DA:69,0
DA:70,3
DA:71,3
DA:72,94
DA:74,94
DA:75,94
LF:60
LH:49
BRF:24
BRH:8
FNF:1
FNH:1
end_of_record
SF:/home/anita/Desktop/kanban-board/kanban-mastery-v3-build-deploy-with-net-8-1768253560/KanbanApi/Endpoints/BoardMembersEndpoint.cs
FN:10,Microsoft.AspNetCore.Routing.IEndpointRouteBuilder KanbanApi.Endpoints.BoardMembersEndpoint::MapBoardMembersEndpoints(Microsoft.AspNetCore.Routing.IEndpointRouteBuilder)
FNDA:94,Microsoft.AspNetCore.Routing.IEndpointRouteBuilder KanbanApi.Endpoints.BoardMembersEndpoint::MapBoardMembersEndpoints(Microsoft.AspNetCore.Routing.IEndpointRouteBuilder)
DA:11,94
DA:12,94
DA:14,94
DA:15,94
DA:16,94
DA:17,94
DA:18,94
DA:19,28
DA:20,28
DA:21,28
DA:22,0
DA:23,94
DA:24,28
DA:25,28
DA:26,28
DA:27,28
DA:28,28
DA:29,94
DA:30,28
DA:31,0
DA:32,94
DA:33,28
DA:34,28
DA:35,25
DA:36,0
DA:37,0
DA:38,0
DA:39,3
DA:40,0
DA:41,28
DA:42,28
DA:43,94
DA:45,94
DA:46,94
LF:34
LH:28
BRF:18
BRH:11
FNF:1
FNH:1
end_of_record
SF:/home/anita/Desktop/kanban-board/kanban-mastery-v3-build-deploy-with-net-8-1768253560/KanbanApi/Endpoints/CardsAssignEndpoint.cs
FN:10,Microsoft.AspNetCore.Routing.IEndpointRouteBuilder KanbanApi.Endpoints.CardsAssignEndpoint::MapCardsAssignEndpoints(Microsoft.AspNetCore.Routing.IEndpointRouteBuilder)
FNDA:94,Microsoft.AspNetCore.Routing.IEndpointRouteBuilder KanbanApi.Endpoints.CardsAssignEndpoint::MapCardsAssignEndpoints(Microsoft.AspNetCore.Routing.IEndpointRouteBuilder)
DA:11,94
DA:12,94
DA:14,94
DA:15,94
DA:16,94
DA:17,94
DA:18,94
DA:19,94
DA:20,94
DA:21,8
DA:22,8
DA:23,8
DA:24,8
DA:25,6
DA:26,1
DA:27,0
DA:28,0
DA:29,1
DA:30,0
DA:31,8
DA:32,8
DA:33,94
DA:34,94
DA:36,94
DA:37,94
LF:25
LH:22
BRF:8
BRH:4
FNF:1
FNH:1
end_of_record
SF:/home/anita/Desktop/kanban-board/kanban-mastery-v3-build-deploy-with-net-8-1768253560/KanbanApi/Endpoints/CardsEndpoint.cs
FN:11,Microsoft.AspNetCore.Routing.IEndpointRouteBuilder KanbanApi.Endpoints.CardsEndpoint::MapCardsEndpoints(Microsoft.AspNetCore.Routing.IEndpointRouteBuilder)
FNDA:94,Microsoft.AspNetCore.Routing.IEndpointRouteBuilder KanbanApi.Endpoints.CardsEndpoint::MapCardsEndpoints(Microsoft.AspNetCore.Routing.IEndpointRouteBuilder)
DA:12,94
DA:13,94
DA:15,94
DA:16,94
DA:17,94
DA:18,94
DA:19,94
DA:20,14
DA:21,14
DA:22,14
DA:23,0
DA:24,94
DA:25,14
DA:26,14
DA:27,14
DA:28,13
DA:29,1
DA:30,0
DA:31,0
DA:32,14
DA:33,14
DA:34,94
DA:35,94
DA:37,94
DA:38,94
DA:39,94
DA:40,94
DA:41,94
DA:42,94
DA:43,3
DA:44,3
DA:45,3
DA:46,3
DA:47,2
DA:48,1
DA:49,0
DA:50,0
DA:51,3
DA:52,3
DA:53,94
DA:54,94
DA:56,94
DA:57,94
DA:58,94
DA:59,94
DA:60,94
DA:61,2
DA:62,2
DA:63,2
DA:64,0
DA:65,94
DA:66,2
DA:67,94
DA:68,2
DA:69,2
DA:70,1
DA:71,1
DA:72,0
DA:73,0
DA:74,2
DA:75,2
DA:76,94
DA:77,94
DA:78,94
LF:64
LH:56
BRF:19
BRH:8
FNF:1
FNH:1
end_of_record
SF:/home/anita/Desktop/kanban-board/kanban-mastery-v3-build-deploy-with-net-8-1768253560/KanbanApi/Endpoints/ColumnsEndpoint.cs
FN:10,Microsoft.AspNetCore.Routing.IEndpointRouteBuilder KanbanApi.Endpoints.ColumnsEndpoint::MapColumnsEndpoints(Microsoft.AspNetCore.Routing.IEndpointRouteBuilder)
FNDA:94,Microsoft.AspNetCore.Routing.IEndpointRouteBuilder KanbanApi.Endpoints.ColumnsEndpoint::MapColumnsEndpoints(Microsoft.AspNetCore.Routing.IEndpointRouteBuilder)
DA:11,94
DA:12,94
DA:14,94
DA:15,94
DA:16,94
DA:17,94
DA:18,94
DA:19,9
DA:20,9
DA:21,9
DA:22,0
DA:23,94
DA:24,9
DA:25,9
DA:26,8
DA:27,0
DA:28,0
DA:29,1
DA:30,0
DA:31,9
DA:32,9
DA:33,94
DA:34,94
DA:36,94
DA:37,94
DA:38,94
DA:39,94
DA:40,94
DA:41,94
DA:42,5
DA:43,5
DA:44,5
DA:45,0
DA:46,94
DA:47,5
DA:48,5
DA:49,4
DA:50,0
DA:51,1
DA:52,0
DA:53,0
DA:54,5
DA:55,5
DA:56,94
DA:57,94
DA:59,94
DA:60,94
DA:61,94
DA:62,94
DA:63,94
DA:64,7
DA:65,7
DA:66,7
DA:67,0
DA:68,94
DA:69,7
DA:70,7
DA:71,4
DA:72,0
DA:73,1
DA:74,0
DA:75,2
DA:76,0
DA:77,7
DA:78,7
DA:79,94
DA:81,94
DA:82,94
LF:68
LH:56
BRF:32
BRH:19
FNF:1
FNH:1
end_of_record
SF:/home/anita/Desktop/kanban-board/kanban-mastery-v3-build-deploy-with-net-8-1768253560/KanbanApi/Endpoints/UserEndpoints.cs
FN:12,Microsoft.AspNetCore.Routing.IEndpointRouteBuilder KanbanApi.Endpoints.UserEndpoints::MapUserEndpoints(Microsoft.AspNetCore.Routing.IEndpointRouteBuilder)
FNDA:94,Microsoft.AspNetCore.Routing.IEndpointRouteBuilder KanbanApi.Endpoints.UserEndpoints::MapUserEndpoints(Microsoft.AspNetCore.Routing.IEndpointRouteBuilder)
DA:13,94
DA:14,94
DA:15,94
DA:16,94
DA:17,94
DA:18,13
DA:19,13
DA:20,13
DA:21,94
DA:22,13
DA:23,1
DA:24,94
DA:25,12
DA:26,1
DA:27,94
DA:28,11
DA:29,11
DA:30,11
DA:31,94
DA:32,11
DA:33,94
DA:34,11
DA:35,1
DA:36,94
DA:37,10
DA:38,10
DA:39,1
DA:40,94
DA:41,9
DA:42,9
DA:43,107
DA:45,94
DA:46,94
DA:47,94
DA:48,19
DA:49,19
DA:50,19
DA:51,19
DA:52,19
DA:53,94
DA:54,19
DA:55,1
DA:56,94
DA:57,18
DA:58,1
DA:59,94
DA:60,17
DA:61,1
DA:62,94
DA:63,16
DA:64,16
DA:65,1
DA:66,94
DA:67,15
DA:68,15
DA:69,1
DA:70,94
DA:71,14
DA:72,14
DA:73,14
DA:74,14
DA:75,14
DA:76,14
DA:77,94
DA:78,14
DA:79,14
DA:80,1
DA:81,1
DA:82,4
DA:83,13
DA:84,94
DA:85,1
DA:86,94
DA:87,94
DA:88,13
DA:89,113
DA:91,94
DA:93,94
DA:94,114
DA:95,114
DA:96,114
DA:97,0
DA:98,94
DA:99,114
DA:100,114
DA:101,0
DA:102,94
DA:103,114
DA:104,208
DA:106,94
DA:107,94
DA:108,94
DA:109,94
DA:110,94
DA:111,94
DA:112,7
DA:113,7
DA:114,7
DA:115,0
DA:116,94
DA:117,7
DA:118,0
DA:119,94
DA:120,94
DA:121,7
DA:122,1
DA:123,94
DA:124,6
DA:125,1
DA:126,94
DA:127,5
DA:128,5
DA:129,5
DA:130,1
DA:131,94
DA:132,4
DA:133,4
DA:134,1
DA:135,94
DA:136,3
DA:137,3
DA:138,94
DA:139,3
DA:140,3
DA:141,94
DA:142,3
DA:143,3
DA:144,3
DA:145,3
DA:146,94
DA:147,3
DA:148,1
DA:149,1
DA:150,1
DA:151,1
DA:152,1
DA:153,1
DA:154,1
DA:155,1
DA:156,1
DA:157,1
DA:158,1
DA:159,1
DA:160,94
DA:161,3
DA:162,3
DA:163,94
DA:164,3
DA:165,3
DA:166,0
DA:167,94
DA:168,3
DA:169,7
DA:170,94
DA:172,94
DA:173,94
LF:156
LH:151
BRF:74
BRH:57
FNF:1
FNH:1
end_of_record
SF:/home/anita/Desktop/kanban-board/kanban-mastery-v3-build-deploy-with-net-8-1768253560/KanbanApi/Dtos/BoardDto.cs
FN:7,System.Int32 KanbanApi.Dtos.BoardDto::get_Id()
FNDA:315,System.Int32 KanbanApi.Dtos.BoardDto::get_Id()
DA:8,315
FN:8,System.String KanbanApi.Dtos.BoardDto::get_Name()
FNDA:318,System.String KanbanApi.Dtos.BoardDto::get_Name()
DA:9,318
FN:9,System.String KanbanApi.Dtos.BoardDto::get_OwnerId()
FNDA:319,System.String KanbanApi.Dtos.BoardDto::get_OwnerId()
DA:10,319
FN:10,System.String KanbanApi.Dtos.BoardDto::get_Role()
FNDA:317,System.String KanbanApi.Dtos.BoardDto::get_Role()
DA:11,317
FN:11,System.Collections.Generic.List`1<System.String> KanbanApi.Dtos.BoardDto::get_Members()
FNDA:299,System.Collections.Generic.List`1<System.String> KanbanApi.Dtos.BoardDto::get_Members()
DA:12,299
FN:22,System.String KanbanApi.Dtos.CreateBoardDto::get_BoardName()
FNDA:183,System.String KanbanApi.Dtos.CreateBoardDto::get_BoardName()
DA:23,183
FN:32,System.String KanbanApi.Dtos.UpdateBoardNameDto::get_Name()
FNDA:7,System.String KanbanApi.Dtos.UpdateBoardNameDto::get_Name()
DA:33,7
FN:44,System.String KanbanApi.Dtos.BoardMemberDto::get_UserId()
FNDA:100,System.String KanbanApi.Dtos.BoardMemberDto::get_UserId()
DA:45,100
FN:45,System.String KanbanApi.Dtos.BoardMemberDto::get_BoardId()
FNDA:75,System.String KanbanApi.Dtos.BoardMemberDto::get_BoardId()
DA:46,75
FN:46,System.String KanbanApi.Dtos.BoardMemberDto::get_Role()
FNDA:75,System.String KanbanApi.Dtos.BoardMemberDto::get_Role()
DA:47,75
LF:10
LH:10
BRF:0
BRH:0
FNF:10
FNH:10
end_of_record
SF:/home/anita/Desktop/kanban-board/kanban-mastery-v3-build-deploy-with-net-8-1768253560/KanbanApi/Dtos/BoardIdDto.cs
FN:5,System.Int32 KanbanApi.Dtos.BoardIdResultDto::get_Id()
FNDA:44,System.Int32 KanbanApi.Dtos.BoardIdResultDto::get_Id()
DA:6,44
FN:6,System.String KanbanApi.Dtos.BoardIdResultDto::get_Name()
FNDA:66,System.String KanbanApi.Dtos.BoardIdResultDto::get_Name()
DA:7,66
FN:7,System.String KanbanApi.Dtos.BoardIdResultDto::get_OwnerId()
FNDA:66,System.String KanbanApi.Dtos.BoardIdResultDto::get_OwnerId()
DA:8,66
FN:8,System.String KanbanApi.Dtos.BoardIdResultDto::get_Role()
FNDA:66,System.String KanbanApi.Dtos.BoardIdResultDto::get_Role()
DA:9,66
FN:10,System.Collections.Generic.List`1<KanbanApi.Dtos.BoardMemberResultDto> KanbanApi.Dtos.BoardIdResultDto::get_Members()
FNDA:66,System.Collections.Generic.List`1<KanbanApi.Dtos.BoardMemberResultDto> KanbanApi.Dtos.BoardIdResultDto::get_Members()
DA:11,66
FN:11,System.Collections.Generic.List`1<KanbanApi.Dtos.BoardColumnResultDto> KanbanApi.Dtos.BoardIdResultDto::get_Columns()
FNDA:66,System.Collections.Generic.List`1<KanbanApi.Dtos.BoardColumnResultDto> KanbanApi.Dtos.BoardIdResultDto::get_Columns()
DA:12,66
FN:16,System.String KanbanApi.Dtos.BoardMemberResultDto::get_UserId()
FNDA:93,System.String KanbanApi.Dtos.BoardMemberResultDto::get_UserId()
DA:17,93
FN:17,System.String KanbanApi.Dtos.BoardMemberResultDto::get_Role()
FNDA:93,System.String KanbanApi.Dtos.BoardMemberResultDto::get_Role()
DA:18,93
FN:18,System.String KanbanApi.Dtos.BoardMemberResultDto::get_UserName()
FNDA:62,System.String KanbanApi.Dtos.BoardMemberResultDto::get_UserName()
DA:19,62
FN:19,System.String KanbanApi.Dtos.BoardMemberResultDto::get_DisplayName()
FNDA:62,System.String KanbanApi.Dtos.BoardMemberResultDto::get_DisplayName()
DA:20,62
FN:20,System.String KanbanApi.Dtos.BoardMemberResultDto::get_Email()
FNDA:62,System.String KanbanApi.Dtos.BoardMemberResultDto::get_Email()
DA:21,62
FN:21,System.String KanbanApi.Dtos.BoardMemberResultDto::get_ProfileImageUrl()
FNDA:62,System.String KanbanApi.Dtos.BoardMemberResultDto::get_ProfileImageUrl()
DA:22,62
FN:26,System.Int32 KanbanApi.Dtos.BoardColumnResultDto::get_Id()
FNDA:168,System.Int32 KanbanApi.Dtos.BoardColumnResultDto::get_Id()
DA:27,168
FN:27,System.String KanbanApi.Dtos.BoardColumnResultDto::get_Name()
FNDA:252,System.String KanbanApi.Dtos.BoardColumnResultDto::get_Name()
DA:28,252
FN:28,System.Int32 KanbanApi.Dtos.BoardColumnResultDto::get_Position()
FNDA:168,System.Int32 KanbanApi.Dtos.BoardColumnResultDto::get_Position()
DA:29,168
FN:30,System.Collections.Generic.List`1<KanbanApi.Dtos.BoardCardResultDto> KanbanApi.Dtos.BoardColumnResultDto::get_Cards()
FNDA:252,System.Collections.Generic.List`1<KanbanApi.Dtos.BoardCardResultDto> KanbanApi.Dtos.BoardColumnResultDto::get_Cards()
DA:31,252
FN:35,System.Int32 KanbanApi.Dtos.BoardCardResultDto::get_Id()
FNDA:48,System.Int32 KanbanApi.Dtos.BoardCardResultDto::get_Id()
DA:36,48
FN:36,System.String KanbanApi.Dtos.BoardCardResultDto::get_Title()
FNDA:72,System.String KanbanApi.Dtos.BoardCardResultDto::get_Title()
DA:37,72
FN:37,System.String KanbanApi.Dtos.BoardCardResultDto::get_Description()
FNDA:48,System.String KanbanApi.Dtos.BoardCardResultDto::get_Description()
DA:38,48
FN:38,System.String KanbanApi.Dtos.BoardCardResultDto::get_AssignedUserId()
FNDA:48,System.String KanbanApi.Dtos.BoardCardResultDto::get_AssignedUserId()
DA:39,48
FN:39,System.String KanbanApi.Dtos.BoardCardResultDto::get_AssigneeUserName()
FNDA:48,System.String KanbanApi.Dtos.BoardCardResultDto::get_AssigneeUserName()
DA:40,48
FN:40,System.String KanbanApi.Dtos.BoardCardResultDto::get_AssigneeDisplayName()
FNDA:48,System.String KanbanApi.Dtos.BoardCardResultDto::get_AssigneeDisplayName()
DA:41,48
FN:41,System.String KanbanApi.Dtos.BoardCardResultDto::get_AssigneeAvatarUrl()
FNDA:48,System.String KanbanApi.Dtos.BoardCardResultDto::get_AssigneeAvatarUrl()
DA:42,48
LF:23
LH:23
BRF:0
BRH:0
FNF:23
FNH:23
end_of_record
SF:/home/anita/Desktop/kanban-board/kanban-mastery-v3-build-deploy-with-net-8-1768253560/KanbanApi/Dtos/BoardMemebrEndpoint.cs
FN:4,System.String KanbanApi.Dtos.AddMemberRequest::get_UserId()
FNDA:82,System.String KanbanApi.Dtos.AddMemberRequest::get_UserId()
DA:5,82
FN:5,System.String KanbanApi.Dtos.AddMemberRequest::get_UserName()
FNDA:3,System.String KanbanApi.Dtos.AddMemberRequest::get_UserName()
DA:6,3
FN:6,System.String KanbanApi.Dtos.AddMemberRequest::get_Email()
FNDA:0,System.String KanbanApi.Dtos.AddMemberRequest::get_Email()
DA:7,0
FN:7,System.String KanbanApi.Dtos.AddMemberRequest::get_Role()
FNDA:1,System.String KanbanApi.Dtos.AddMemberRequest::get_Role()
DA:8,1
LF:4
LH:3
BRF:0
BRH:0
FNF:4
FNH:3
end_of_record
SF:/home/anita/Desktop/kanban-board/kanban-mastery-v3-build-deploy-with-net-8-1768253560/KanbanApi/Dtos/CardDto.cs
FN:5,System.Int32 KanbanApi.Dtos.CardResponseDto::get_Id()
FNDA:44,System.Int32 KanbanApi.Dtos.CardResponseDto::get_Id()
DA:6,44
FN:6,System.String KanbanApi.Dtos.CardResponseDto::get_Title()
FNDA:47,System.String KanbanApi.Dtos.CardResponseDto::get_Title()
DA:7,47
FN:7,System.String KanbanApi.Dtos.CardResponseDto::get_Description()
FNDA:31,System.String KanbanApi.Dtos.CardResponseDto::get_Description()
DA:8,31
FN:8,System.Int32 KanbanApi.Dtos.CardResponseDto::get_ColumnId()
FNDA:31,System.Int32 KanbanApi.Dtos.CardResponseDto::get_ColumnId()
DA:9,31
FN:15,System.String KanbanApi.Dtos.UpdateCardDto::get_Title()
FNDA:14,System.String KanbanApi.Dtos.UpdateCardDto::get_Title()
DA:16,14
FN:16,System.String KanbanApi.Dtos.UpdateCardDto::get_Description()
FNDA:6,System.String KanbanApi.Dtos.UpdateCardDto::get_Description()
DA:17,6
FN:19,System.Int32 KanbanApi.Dtos.UpdateCardDto::get_ColumnId()
FNDA:10,System.Int32 KanbanApi.Dtos.UpdateCardDto::get_ColumnId()
DA:20,10
FN:24,System.Int32 KanbanApi.Dtos.AssignCardResponseDto::get_CardId()
FNDA:24,System.Int32 KanbanApi.Dtos.AssignCardResponseDto::get_CardId()
DA:25,24
FN:25,System.String KanbanApi.Dtos.AssignCardResponseDto::get_UserId()
FNDA:27,System.String KanbanApi.Dtos.AssignCardResponseDto::get_UserId()
DA:26,27
LF:9
LH:9
BRF:0
BRH:0
FNF:9
FNH:9
end_of_record
SF:/home/anita/Desktop/kanban-board/kanban-mastery-v3-build-deploy-with-net-8-1768253560/KanbanApi/Dtos/ColumnApiResponseDto.cs
FN:4,System.Int32 KanbanApi.Dtos.ColumnApiResponseDto::get_Id()
FNDA:66,System.Int32 KanbanApi.Dtos.ColumnApiResponseDto::get_Id()
DA:5,66
FN:5,System.String KanbanApi.Dtos.ColumnApiResponseDto::get_Name()
FNDA:39,System.String KanbanApi.Dtos.ColumnApiResponseDto::get_Name()
DA:6,39
FN:6,System.Int32 KanbanApi.Dtos.ColumnApiResponseDto::get_Position()
FNDA:39,System.Int32 KanbanApi.Dtos.ColumnApiResponseDto::get_Position()
DA:7,39
LF:3
LH:3
BRF:0
BRH:0
FNF:3
FNH:3
end_of_record
SF:/home/anita/Desktop/kanban-board/kanban-mastery-v3-build-deploy-with-net-8-1768253560/KanbanApi/Dtos/CreateCardMemberReqestDto.cs
FN:9,System.String KanbanApi.Dtos.AssignCardRequestDto::get_UserId()
FNDA:26,System.String KanbanApi.Dtos.AssignCardRequestDto::get_UserId()
DA:10,26
LF:1
LH:1
BRF:0
BRH:0
FNF:1
FNH:1
end_of_record
SF:/home/anita/Desktop/kanban-board/kanban-mastery-v3-build-deploy-with-net-8-1768253560/KanbanApi/Dtos/CreateCardRequestDto.cs
FN:8,System.String KanbanApi.Dtos.CreateCardRequestDto::get_Title()
FNDA:58,System.String KanbanApi.Dtos.CreateCardRequestDto::get_Title()
DA:9,58
FN:10,System.String KanbanApi.Dtos.CreateCardRequestDto::get_Description()
FNDA:28,System.String KanbanApi.Dtos.CreateCardRequestDto::get_Description()
DA:11,28
FN:13,System.Int32 KanbanApi.Dtos.CreateCardRequestDto::get_ColumnId()
FNDA:44,System.Int32 KanbanApi.Dtos.CreateCardRequestDto::get_ColumnId()
DA:14,44
LF:3
LH:3
BRF:0
BRH:0
FNF:3
FNH:3
end_of_record
SF:/home/anita/Desktop/kanban-board/kanban-mastery-v3-build-deploy-with-net-8-1768253560/KanbanApi/Dtos/LoginDto.cs
FN:4,System.String KanbanApi.Dtos.LoginDto::get_Identifier()
FNDA:26,System.String KanbanApi.Dtos.LoginDto::get_Identifier()
DA:5,26
FN:5,System.String KanbanApi.Dtos.LoginDto::get_Email()
FNDA:0,System.String KanbanApi.Dtos.LoginDto::get_Email()
DA:6,0
FN:6,System.String KanbanApi.Dtos.LoginDto::get_Password()
FNDA:39,System.String KanbanApi.Dtos.LoginDto::get_Password()
DA:7,39
LF:3
LH:2
BRF:0
BRH:0
FNF:3
FNH:2
end_of_record
SF:/home/anita/Desktop/kanban-board/kanban-mastery-v3-build-deploy-with-net-8-1768253560/KanbanApi/Dtos/RegisterDto.cs
FN:4,System.String KanbanApi.Dtos.RegisterDto::get_Email()
FNDA:38,System.String KanbanApi.Dtos.RegisterDto::get_Email()
DA:5,38
FN:5,System.String KanbanApi.Dtos.RegisterDto::get_Password()
FNDA:38,System.String KanbanApi.Dtos.RegisterDto::get_Password()
DA:6,38
FN:6,System.String KanbanApi.Dtos.RegisterDto::get_UserName()
FNDA:38,System.String KanbanApi.Dtos.RegisterDto::get_UserName()
DA:7,38
FN:7,System.String KanbanApi.Dtos.RegisterDto::get_DisplayName()
FNDA:19,System.String KanbanApi.Dtos.RegisterDto::get_DisplayName()
DA:8,19
LF:4
LH:4
BRF:0
BRH:0
FNF:4
FNH:4
end_of_record
SF:/home/anita/Desktop/kanban-board/kanban-mastery-v3-build-deploy-with-net-8-1768253560/KanbanApi/Dtos/UserProfileDto.cs
FN:5,System.String KanbanApi.Dtos.UserProfileResponseDto::get_Id()
FNDA:228,System.String KanbanApi.Dtos.UserProfileResponseDto::get_Id()
DA:6,228
FN:6,System.String KanbanApi.Dtos.UserProfileResponseDto::get_UserName()
FNDA:228,System.String KanbanApi.Dtos.UserProfileResponseDto::get_UserName()
DA:7,228
FN:7,System.String KanbanApi.Dtos.UserProfileResponseDto::get_Email()
FNDA:228,System.String KanbanApi.Dtos.UserProfileResponseDto::get_Email()
DA:8,228
FN:8,System.String KanbanApi.Dtos.UserProfileResponseDto::get_DisplayName()
FNDA:228,System.String KanbanApi.Dtos.UserProfileResponseDto::get_DisplayName()
DA:9,228
FN:9,System.String KanbanApi.Dtos.UserProfileResponseDto::get_ProfileImageUrl()
FNDA:228,System.String KanbanApi.Dtos.UserProfileResponseDto::get_ProfileImageUrl()
DA:10,228
FN:10,System.Collections.Generic.List`1<KanbanApi.Dtos.BoardDto> KanbanApi.Dtos.UserProfileResponseDto::get_Boards()
FNDA:342,System.Collections.Generic.List`1<KanbanApi.Dtos.BoardDto> KanbanApi.Dtos.UserProfileResponseDto::get_Boards()
DA:11,342
LF:6
LH:6
BRF:0
BRH:0
FNF:6
FNH:6
end_of_record
SF:/home/anita/Desktop/kanban-board/kanban-mastery-v3-build-deploy-with-net-8-1768253560/KanbanApi/Data/ApplicationDbContext.cs
FN:13,Microsoft.EntityFrameworkCore.DbSet`1<KanbanApi.Models.Board> KanbanApi.Data.ApplicationDbContext::get_Boards()
FNDA:888,Microsoft.EntityFrameworkCore.DbSet`1<KanbanApi.Models.Board> KanbanApi.Data.ApplicationDbContext::get_Boards()
DA:14,888
FN:14,Microsoft.EntityFrameworkCore.DbSet`1<KanbanApi.Models.Column> KanbanApi.Data.ApplicationDbContext::get_Columns()
FNDA:769,Microsoft.EntityFrameworkCore.DbSet`1<KanbanApi.Models.Column> KanbanApi.Data.ApplicationDbContext::get_Columns()
DA:15,769
FN:15,Microsoft.EntityFrameworkCore.DbSet`1<KanbanApi.Models.Card> KanbanApi.Data.ApplicationDbContext::get_Cards()
FNDA:749,Microsoft.EntityFrameworkCore.DbSet`1<KanbanApi.Models.Card> KanbanApi.Data.ApplicationDbContext::get_Cards()
DA:16,749
FN:16,Microsoft.EntityFrameworkCore.DbSet`1<KanbanApi.Models.BoardMember> KanbanApi.Data.ApplicationDbContext::get_BoardMembers()
FNDA:1029,Microsoft.EntityFrameworkCore.DbSet`1<KanbanApi.Models.BoardMember> KanbanApi.Data.ApplicationDbContext::get_BoardMembers()
DA:17,1029
FN:19,System.Void KanbanApi.Data.ApplicationDbContext::OnModelCreating(Microsoft.EntityFrameworkCore.ModelBuilder)
FNDA:2,System.Void KanbanApi.Data.ApplicationDbContext::OnModelCreating(Microsoft.EntityFrameworkCore.ModelBuilder)
DA:20,2
DA:21,2
DA:24,2
DA:25,2
DA:26,2
DA:27,2
DA:28,2
DA:29,2
DA:30,2
DA:31,2
DA:32,2
DA:33,2
DA:34,2
DA:35,4
DA:37,2
DA:38,2
DA:39,2
DA:40,2
DA:41,2
DA:42,2
DA:43,2
DA:44,2
DA:45,2
DA:46,2
DA:47,2
DA:48,2
DA:49,4
DA:51,2
DA:52,2
DA:53,2
DA:54,2
DA:55,2
DA:56,2
DA:57,4
DA:58,2
FN:9,System.Void KanbanApi.Data.ApplicationDbContext::.ctor(Microsoft.EntityFrameworkCore.DbContextOptions`1<KanbanApi.Data.ApplicationDbContext>)
FNDA:698,System.Void KanbanApi.Data.ApplicationDbContext::.ctor(Microsoft.EntityFrameworkCore.DbContextOptions`1<KanbanApi.Data.ApplicationDbContext>)
DA:10,698
DA:11,698
DA:12,698
LF:42
LH:42
BRF:0
BRH:0
FNF:6
FNH:6
end_of_record